<?xml version="1.0" encoding="UTF-8"?>
<testng-results skipped="0" failed="0" ignored="0" total="2" passed="2">
  <reporter-output>
  </reporter-output>
  <suite name="Default suite" duration-ms="21296" started-at="2017-05-04T14:25:30Z" finished-at="2017-05-04T14:25:51Z">
    <groups>
    </groups>
    <test name="Default test" duration-ms="21296" started-at="2017-05-04T14:25:30Z" finished-at="2017-05-04T14:25:51Z">
      <class name="Extent.Reports.App">
        <test-method status="PASS" signature="verifyHomePageTitle()[pri:1, instance:Extent.Reports.App@2133814f]" name="verifyHomePageTitle" duration-ms="20279" started-at="2017-05-04T14:25:30Z" finished-at="2017-05-04T14:25:50Z">
          <reporter-output>
          </reporter-output>
        </test-method> <!-- verifyHomePageTitle -->
        <test-method status="PASS" signature="verifyLogo()[pri:2, instance:Extent.Reports.App@2133814f]" name="verifyLogo" duration-ms="968" started-at="2017-05-04T14:25:50Z" finished-at="2017-05-04T14:25:51Z">
          <reporter-output>
          </reporter-output>
        </test-method> <!-- verifyLogo -->
      </class> <!-- Extent.Reports.App -->
    </test> <!-- Default test -->
  </suite> <!-- Default suite -->
</testng-results>
